INFO: seeding the RNG with 57287
INFO: Initializing backend 
INFO: Backend precision: double
INFO: Simulation type: min
INFO: The generator will try to take into account bonded interactions by choosing distances between bonded neighbours no larger than 2.000000
INFO: Running Debye-Huckel at salt concentration =  0.5
INFO: Using different widths for major and minor grooves
INFO: pid: 5546
INFO: Using a maximum backbone force of 5  (the corresponding mbf_xmax is 0.120156) and a far value of 0.04
DEBUG: Debye-Huckel parameters: Q=0.054300, lambda_0=0.361646, lambda=0.503714, r_high=1.511142, cutoff=3.229510
DEBUG: Debye-Huckel parameters: debye_huckel_RC=2.266713e+00, debye_huckel_B=3.133724e-03
INFO: The Debye length at this temperature and salt concentration is 0.503714
INFO: (Cells.cpp) N_cells_side: 7, 7, 7; rcut=3.22951, IS_MC: 0
INFO: N: 132
INFO: Using randomly distributed velocities
INFO: Initial kinetic energy: 37.866835
INFO: Using max step for minimization = 0.005
INFO: SVN CODE VERSION: 6943M
INFO: COMPILED ON: 09/02/19

INFO: Total Running Time: 0.899499 s, per step: 0.899499 ms
INFO: Timings, in seconds, by Timer (total, own, spent in children)
> SimBackend                          0.899 (100.0%)        0.016 (  1.7%)        0.884 ( 98.3%)
***> Lists                            0.146 ( 16.2%)        0.146 ( 16.2%)        0.000 (  0.0%)
***> Thermostat                       0.000 (  0.0%)        0.000 (  0.0%)        0.000 (  0.0%)
***> Forces                           0.738 ( 82.0%)        0.738 ( 82.0%)        0.000 (  0.0%)
***> First Step                       0.000 (  0.0%)        0.000 (  0.0%)        0.000 (  0.0%)

INFO: END OF THE SIMULATION, everything went OK!
INFO: Aggregated I/O statistics (set debug=1 for file-wise information)
	752.009 KB written to files
	  0.000  B written to stdout/stderr
	For a total of    0.816 MB/s

