INFO: seeding the RNG with 53319
INFO: Initializing backend 
INFO: Backend precision: mixed
INFO: Simulation type: MD
INFO: The generator will try to take into account bonded interactions by choosing distances between bonded neighbours no larger than 2.000000
INFO: Running Debye-Huckel at salt concentration =  0.5
INFO: Using different widths for major and minor grooves
INFO: CUDA device not specified
INFO: CUDA sort_every not specified, using 0
INFO: The generator will try to take into account bonded interactions by choosing distances between bonded neighbours no larger than 2.000000
INFO: pid: 9418
INFO: Using a maximum backbone force of 5  (the corresponding mbf_xmax is 0.120156) and a far value of 0.04
DEBUG: Debye-Huckel parameters: Q=0.054300, lambda_0=0.361645, lambda=0.503714, r_high=1.511142, cutoff=3.229510
DEBUG: Debye-Huckel parameters: debye_huckel_RC=2.266712e+00, debye_huckel_B=3.133725e-03
INFO: The Debye length at this temperature and salt concentration is 0.503714
INFO: (Cells.cpp) N_cells_side: 8, 8, 8; rcut=3.22951, IS_MC: 0
INFO: N: 252
INFO: Using randomly distributed velocities
INFO: Initial kinetic energy: 69.333992
INFO: Choosing device automatically
INFO: Computer has 1 devices
INFO:  - Trying device 0
INFO:  -- device 0 has properties 6.1
INFO:  -- using device 0
INFO:  --- Running on device 0
INFO: Using a maximum backbone force of 5  (the corresponding mbf_xmax is 0.120156) and a far value of 0.04
INFO: threads_per_block was not specified or set to 0. The default value (64) will be used
INFO: Allocated CUDA memory: 0.04 MBs
INFO: SVN CODE VERSION: 6943M
INFO: COMPILED ON: 09/02/19
INFO: diffusion fixed.. -370.548 -370.548
INFO: Fix diffusion went too far... -372.061, -372.06, 0, (0.00106812>0.000372061)
INFO:  *** Fix diffusion hopeless... -372.061, -372.058, 0, (0.00308228>0.000372061)
INFO: diffusion fixed.. -368.914 -368.914
INFO: # Caught SIGNAL 2; setting stop = 1


INFO: Total Running Time: 135.505 s, per step: 0.428391 ms
INFO: Timings, in seconds, by Timer (total, own, spent in children)
> SimBackend                        135.505 (100.0%)        1.781 (  1.3%)      133.724 ( 98.7%)
***> Hilbert sorting                  0.815 (  0.6%)        0.815 (  0.6%)        0.000 (  0.0%)
***> Lists                            1.422 (  1.0%)        1.422 (  1.0%)        0.000 (  0.0%)
***> Thermostat                       1.504 (  1.1%)        1.504 (  1.1%)        0.000 (  0.0%)
***> Forces                         123.072 ( 90.8%)      123.072 ( 90.8%)        0.000 (  0.0%)
***> First Step                       6.911 (  5.1%)        6.911 (  5.1%)        0.000 (  0.0%)

INFO: END OF THE SIMULATION, everything went OK!
INFO: Lists updated 316312 times (every ~1.000000 steps)
INFO: Aggregated I/O statistics (set debug=1 for file-wise information)
	  4.142 MB written to files
	  0.000  B written to stdout/stderr
	For a total of   0.0306 MB/s

