INFO: seeding the RNG with 88800
INFO: Initializing backend 
INFO: Backend precision: mixed
INFO: Simulation type: MD
INFO: The generator will try to take into account bonded interactions by choosing distances between bonded neighbours no larger than 2.000000
INFO: Running Debye-Huckel at salt concentration =  0.5
INFO: Using different widths for major and minor grooves
INFO: CUDA device not specified
INFO: CUDA sort_every not specified, using 0
INFO: The generator will try to take into account bonded interactions by choosing distances between bonded neighbours no larger than 2.000000
INFO: pid: 7677
INFO: Using a maximum backbone force of 5  (the corresponding mbf_xmax is 0.120156) and a far value of 0.04
DEBUG: Debye-Huckel parameters: Q=0.054300, lambda_0=0.361645, lambda=0.503714, r_high=1.511142, cutoff=3.229510
DEBUG: Debye-Huckel parameters: debye_huckel_RC=2.266712e+00, debye_huckel_B=3.133725e-03
INFO: The Debye length at this temperature and salt concentration is 0.503714
INFO: (Cells.cpp) N_cells_side: 9, 9, 9; rcut=3.22951, IS_MC: 0
INFO: N: 264
INFO: Using randomly distributed velocities
INFO: Initial kinetic energy: 74.531082
INFO: Choosing device automatically
INFO: Computer has 1 devices
INFO:  - Trying device 0
INFO:  -- device 0 has properties 6.1
INFO:  -- using device 0
INFO:  --- Running on device 0
INFO: Using a maximum backbone force of 5  (the corresponding mbf_xmax is 0.120156) and a far value of 0.04
INFO: threads_per_block was not specified or set to 0. The default value (64) will be used
INFO: Allocated CUDA memory: 0.05 MBs
INFO: SVN CODE VERSION: 6943M
INFO: COMPILED ON: 09/02/19
INFO: Fix diffusion went too far... -293.023, -293.022, 0, (0.00134277>0.000293023)
INFO:  *** Fix diffusion hopeless... -293.023, -293.03, 0, (0.0065918>0.000293023)
INFO: Fix diffusion went too far... -270.399, -270.398, 0, (0.000274658>0.000270399)
INFO:  *** Fix diffusion hopeless... -270.399, -270.401, 0, (0.00265503>0.000270399)
INFO: Fix diffusion went too far... -285.32, -285.322, 0, (0.00231934>0.00028532)
INFO:  *** Fix diffusion hopeless... -285.32, -285.33, 0, (0.0107422>0.00028532)
INFO: Fix diffusion went too far... -271.647, -271.644, 0, (0.00234985>0.000271647)
INFO:  *** Fix diffusion hopeless... -271.647, -271.633, 0, (0.0137634>0.000271647)
INFO: diffusion fixed.. -248.996 -248.996
INFO: diffusion fixed.. -209.459 -209.459
INFO: Fix diffusion went too far... -220.53, -220.53, 0, (0.000259399>0.00022053)
INFO:  *** Fix diffusion hopeless... -220.53, -220.527, 0, (0.00296021>0.00022053)
