INFO: seeding the RNG with 31685
INFO: Initializing backend 
INFO: Backend precision: mixed
INFO: Simulation type: MD
INFO: The generator will try to take into account bonded interactions by choosing distances between bonded neighbours no larger than 2.000000
INFO: Running Debye-Huckel at salt concentration =  0.5
INFO: Using different widths for major and minor grooves
INFO: CUDA device not specified
INFO: CUDA sort_every not specified, using 0
INFO: The generator will try to take into account bonded interactions by choosing distances between bonded neighbours no larger than 2.000000
INFO: pid: 6889
INFO: Using a maximum backbone force of 5  (the corresponding mbf_xmax is 0.120156) and a far value of 0.04
DEBUG: Debye-Huckel parameters: Q=0.054300, lambda_0=0.361645, lambda=0.503714, r_high=1.511142, cutoff=3.229510
DEBUG: Debye-Huckel parameters: debye_huckel_RC=2.266712e+00, debye_huckel_B=3.133725e-03
INFO: The Debye length at this temperature and salt concentration is 0.503714
INFO: (Cells.cpp) N_cells_side: 8, 8, 8; rcut=3.22951, IS_MC: 0
INFO: N: 180
INFO: Using randomly distributed velocities
INFO: Initial kinetic energy: 50.836914
INFO: Choosing device automatically
INFO: Computer has 1 devices
INFO:  - Trying device 0
INFO:  -- device 0 has properties 6.1
INFO:  -- using device 0
INFO:  --- Running on device 0
INFO: Using a maximum backbone force of 5  (the corresponding mbf_xmax is 0.120156) and a far value of 0.04
INFO: threads_per_block was not specified or set to 0. The default value (64) will be used
INFO: Allocated CUDA memory: 0.03 MBs
INFO: SVN CODE VERSION: 6943M
INFO: COMPILED ON: 09/02/19
INFO: diffusion fixed.. -199.551 -199.551
INFO: Fix diffusion went too far... -146.738, -146.736, 0, (0.00126648>0.000146738)
INFO:  *** Fix diffusion hopeless... -146.738, -146.737, 0, (0.000640869>0.000146738)
INFO: Fix diffusion went too far... -121.676, -121.676, 0, (0.0001297>0.000121676)
INFO:  *** Fix diffusion hopeless... -121.676, -121.683, 0, (0.00678253>0.000121676)
INFO: Fix diffusion went too far... -108.55, -108.55, 0, (0.000114441>0.00010855)
INFO:  *** Fix diffusion hopeless... -108.55, -108.541, 0, (0.00951385>0.00010855)
INFO: diffusion fixed.. -92.2028 -92.2027
INFO: diffusion fixed.. -91.2478 -91.2478
INFO: Fix diffusion went too far... -83.1972, -83.1972, 0, (9.15527e-05>8.31972e-05)
INFO:  *** Fix diffusion hopeless... -83.1972, -83.2005, 0, (0.00330353>8.31972e-05)
