INFO: seeding the RNG with 68251
INFO: Initializing backend 
INFO: Backend precision: mixed
INFO: Simulation type: MD
INFO: The generator will try to take into account bonded interactions by choosing distances between bonded neighbours no larger than 2.000000
INFO: Running Debye-Huckel at salt concentration =  0.5
INFO: Using different widths for major and minor grooves
INFO: CUDA device not specified
INFO: CUDA sort_every not specified, using 0
INFO: The generator will try to take into account bonded interactions by choosing distances between bonded neighbours no larger than 2.000000
INFO: pid: 6179
INFO: Using a maximum backbone force of 5  (the corresponding mbf_xmax is 0.120156) and a far value of 0.04
DEBUG: Debye-Huckel parameters: Q=0.054300, lambda_0=0.361645, lambda=0.503714, r_high=1.511142, cutoff=3.229510
DEBUG: Debye-Huckel parameters: debye_huckel_RC=2.266712e+00, debye_huckel_B=3.133725e-03
INFO: The Debye length at this temperature and salt concentration is 0.503714
INFO: (Cells.cpp) N_cells_side: 9, 9, 9; rcut=3.22951, IS_MC: 0
INFO: N: 360
INFO: Using randomly distributed velocities
INFO: Initial kinetic energy: 102.100883
INFO: Choosing device automatically
INFO: Computer has 1 devices
INFO:  - Trying device 0
INFO:  -- device 0 has properties 6.1
INFO:  -- using device 0
INFO:  --- Running on device 0
INFO: Using a maximum backbone force of 5  (the corresponding mbf_xmax is 0.120156) and a far value of 0.04
INFO: threads_per_block was not specified or set to 0. The default value (64) will be used
INFO: Allocated CUDA memory: 0.06 MBs
INFO: SVN CODE VERSION: 6943M
INFO: COMPILED ON: 09/02/19
INFO: Fix diffusion went too far... -330.011, -356.659, 0, (26.6478>0.000330011)
INFO:  *** Fix diffusion hopeless... -330.011, -330.01, 0, (0.00088501>0.000330011)
INFO: diffusion fixed.. -317.437 -317.437
INFO: Fix diffusion went too far... -310.926, -310.924, 0, (0.00112915>0.000310926)
INFO:  *** Fix diffusion hopeless... -310.926, -310.926, 0, (0.000854492>0.000310926)
INFO: Fix diffusion went too far... -313.412, -313.411, 0, (0.000366211>0.000313412)
INFO:  *** Fix diffusion hopeless... -313.412, -313.403, 0, (0.00888062>0.000313412)
INFO: Fix diffusion went too far... -335.808, -335.807, 0, (0.000549316>0.000335808)
INFO:  *** Fix diffusion hopeless... -335.808, -335.815, 0, (0.00762939>0.000335808)
INFO: Fix diffusion went too far... -316.651, -316.655, 0, (0.00390625>0.000316651)
INFO:  *** Fix diffusion hopeless... -316.651, -316.655, 0, (0.0038147>0.000316651)
INFO: Fix diffusion went too far... -302.18, -302.174, 0, (0.00686646>0.00030218)
INFO:  *** Fix diffusion hopeless... -302.18, -302.154, 0, (0.026825>0.00030218)
INFO: Fix diffusion went too far... -338.177, -338.178, 0, (0.000579834>0.000338177)
INFO:  *** Fix diffusion hopeless... -338.177, -338.181, 0, (0.00357056>0.000338177)
