INFO: seeding the RNG with 44850
INFO: Initializing backend 
INFO: Backend precision: mixed
INFO: Simulation type: MD
INFO: The generator will try to take into account bonded interactions by choosing distances between bonded neighbours no larger than 2.000000
INFO: Running Debye-Huckel at salt concentration =  0.5
INFO: Using different widths for major and minor grooves
INFO: CUDA device not specified
INFO: CUDA sort_every not specified, using 0
INFO: The generator will try to take into account bonded interactions by choosing distances between bonded neighbours no larger than 2.000000
INFO: pid: 7510
INFO: Using a maximum backbone force of 5  (the corresponding mbf_xmax is 0.120156) and a far value of 0.04
DEBUG: Debye-Huckel parameters: Q=0.054300, lambda_0=0.361645, lambda=0.503714, r_high=1.511142, cutoff=3.229510
DEBUG: Debye-Huckel parameters: debye_huckel_RC=2.266712e+00, debye_huckel_B=3.133725e-03
INFO: The Debye length at this temperature and salt concentration is 0.503714
INFO: (Cells.cpp) N_cells_side: 9, 9, 9; rcut=3.22951, IS_MC: 0
INFO: N: 264
INFO: Using randomly distributed velocities
INFO: Initial kinetic energy: 74.290138
INFO: Choosing device automatically
INFO: Computer has 1 devices
INFO:  - Trying device 0
INFO:  -- device 0 has properties 6.1
INFO:  -- using device 0
INFO:  --- Running on device 0
INFO: Using a maximum backbone force of 5  (the corresponding mbf_xmax is 0.120156) and a far value of 0.04
INFO: threads_per_block was not specified or set to 0. The default value (64) will be used
INFO: Allocated CUDA memory: 0.05 MBs
INFO: SVN CODE VERSION: 6943M
INFO: COMPILED ON: 09/02/19
INFO: Fix diffusion went too far... -265.752, -265.922, 0, (0.169891>0.000265752)
INFO:  *** Fix diffusion hopeless... -265.752, -265.749, 0, (0.00274658>0.000265752)
INFO: diffusion fixed.. -240.359 -240.359
INFO: diffusion fixed.. -174.643 -174.643
INFO: diffusion fixed.. -195.126 -195.126
INFO: diffusion fixed.. -138.033 -138.033
INFO: Fix diffusion went too far... -68.0914, -68.0913, 0, (9.15527e-05>6.80914e-05)
INFO:  *** Fix diffusion hopeless... -68.0914, -68.0913, 0, (9.91821e-05>6.80914e-05)
INFO: Fix diffusion went too far... -46.4443, -46.4443, 0, (8.01086e-05>4.64443e-05)
INFO:  *** Fix diffusion hopeless... -46.4443, -46.4503, 0, (0.00596237>4.64443e-05)
