INFO: seeding the RNG with 65256
INFO: Initializing backend 
INFO: Backend precision: mixed
INFO: Simulation type: MD
INFO: The generator will try to take into account bonded interactions by choosing distances between bonded neighbours no larger than 2.000000
INFO: Running Debye-Huckel at salt concentration =  0.5
INFO: Using different widths for major and minor grooves
INFO: CUDA device not specified
INFO: CUDA sort_every not specified, using 0
INFO: The generator will try to take into account bonded interactions by choosing distances between bonded neighbours no larger than 2.000000
INFO: pid: 24035
INFO: Using a maximum backbone force of 5  (the corresponding mbf_xmax is 0.120156) and a far value of 0.04
DEBUG: Debye-Huckel parameters: Q=0.054300, lambda_0=0.361645, lambda=0.503714, r_high=1.511142, cutoff=3.229510
DEBUG: Debye-Huckel parameters: debye_huckel_RC=2.266712e+00, debye_huckel_B=3.133725e-03
INFO: The Debye length at this temperature and salt concentration is 0.503714
INFO: (Cells.cpp) N_cells_side: 11, 11, 11; rcut=3.22951, IS_MC: 0
INFO: N: 620
INFO: Using randomly distributed velocities
INFO: Initial kinetic energy: 179.546555
INFO: Choosing device automatically
INFO: Computer has 1 devices
INFO:  - Trying device 0
INFO:  -- device 0 has properties 6.1
INFO:  -- using device 0
INFO:  --- Running on device 0
INFO: Using a maximum backbone force of 5  (the corresponding mbf_xmax is 0.120156) and a far value of 0.04
INFO: threads_per_block was not specified or set to 0. The default value (64) will be used
INFO: Allocated CUDA memory: 0.11 MBs
INFO: SVN CODE VERSION: 6943M
INFO: COMPILED ON: 09/02/19
INFO: Fix diffusion went too far... -730.134, -730.133, 0, (0.00109863>0.000730134)
INFO:  *** Fix diffusion hopeless... -730.134, -730.134, 0, (0.000732422>0.000730134)
INFO: diffusion fixed.. -754.539 -754.538
INFO: diffusion fixed.. -760.833 -760.832
INFO: Fix diffusion went too far... -773.823, -773.82, 0, (0.00280762>0.000773823)
INFO: diffusion PARTIALLY fixed
INFO: diffusion fixed.. -772.719 -772.719
INFO: diffusion fixed.. -779.472 -779.472
INFO: diffusion fixed.. -784.872 -784.872
INFO: Fix diffusion went too far... -778.196, -778.195, 0, (0.000854492>0.000778196)
INFO:  *** Fix diffusion hopeless... -778.196, -778.203, 0, (0.00701904>0.000778196)
INFO: diffusion fixed.. -784.951 -784.951
INFO: diffusion fixed.. -783.592 -783.591

INFO: Total Running Time: 706.8 s, per step: 0.7068 ms
INFO: Timings, in seconds, by Timer (total, own, spent in children)
> SimBackend                        706.800 (100.0%)        5.599 (  0.8%)      701.201 ( 99.2%)
***> Hilbert sorting                  2.548 (  0.4%)        2.548 (  0.4%)        0.000 (  0.0%)
***> Lists                            4.519 (  0.6%)        4.519 (  0.6%)        0.000 (  0.0%)
***> Thermostat                       4.676 (  0.7%)        4.676 (  0.7%)        0.000 (  0.0%)
***> Forces                         668.232 ( 94.5%)      668.232 ( 94.5%)        0.000 (  0.0%)
***> First Step                      21.226 (  3.0%)       21.226 (  3.0%)        0.000 (  0.0%)

INFO: END OF THE SIMULATION, everything went OK!
INFO: Lists updated 1000000 times (every ~1.000000 steps)
INFO: Aggregated I/O statistics (set debug=1 for file-wise information)
	 32.579 MB written to files
	  0.000  B written to stdout/stderr
	For a total of   0.0461 MB/s

