INFO: seeding the RNG with 35008
INFO: Initializing backend 
INFO: Backend precision: mixed
INFO: Simulation type: MD
INFO: The generator will try to take into account bonded interactions by choosing distances between bonded neighbours no larger than 2.000000
INFO: Running Debye-Huckel at salt concentration =  0.5
INFO: Using different widths for major and minor grooves
INFO: CUDA device not specified
INFO: CUDA sort_every not specified, using 0
INFO: The generator will try to take into account bonded interactions by choosing distances between bonded neighbours no larger than 2.000000
INFO: pid: 15197
INFO: Using a maximum backbone force of 5  (the corresponding mbf_xmax is 0.120156) and a far value of 0.04
DEBUG: Debye-Huckel parameters: Q=0.054300, lambda_0=0.361645, lambda=0.503714, r_high=1.511142, cutoff=3.229510
DEBUG: Debye-Huckel parameters: debye_huckel_RC=2.266712e+00, debye_huckel_B=3.133725e-03
INFO: The Debye length at this temperature and salt concentration is 0.503714
INFO: (Cells.cpp) N_cells_side: 10, 10, 10; rcut=3.22951, IS_MC: 0
INFO: N: 400
INFO: Using randomly distributed velocities
INFO: Initial kinetic energy: 117.878250
INFO: Choosing device automatically
INFO: Computer has 1 devices
INFO:  - Trying device 0
INFO:  -- device 0 has properties 6.1
INFO:  -- using device 0
INFO:  --- Running on device 0
INFO: Using a maximum backbone force of 5  (the corresponding mbf_xmax is 0.120156) and a far value of 0.04
INFO: threads_per_block was not specified or set to 0. The default value (64) will be used
INFO: Allocated CUDA memory: 0.07 MBs
INFO: SVN CODE VERSION: 6943M
INFO: COMPILED ON: 09/02/19
INFO: Fix diffusion went too far... -533.433, -533.432, 0, (0.00109863>0.000533433)
INFO: diffusion PARTIALLY fixed
INFO: diffusion fixed.. -542.288 -542.288
INFO: diffusion fixed.. -544.226 -544.226
INFO: diffusion fixed.. -547.679 -547.679
INFO: Fix diffusion went too far... -546.725, -546.723, 0, (0.00146484>0.000546725)
INFO:  *** Fix diffusion hopeless... -546.725, -546.73, 0, (0.00469971>0.000546725)
INFO: diffusion fixed.. -548.777 -548.777
INFO: Fix diffusion went too far... -552.024, -552.023, 0, (0.00152588>0.000552024)
INFO:  *** Fix diffusion hopeless... -552.024, -552.028, 0, (0.00378418>0.000552024)
INFO: # Caught SIGNAL 2; setting stop = 1


INFO: Total Running Time: 415.225 s, per step: 0.565256 ms
INFO: Timings, in seconds, by Timer (total, own, spent in children)
> SimBackend                        415.225 (100.0%)        4.582 (  1.1%)      410.644 ( 98.9%)
***> Hilbert sorting                  2.092 (  0.5%)        2.092 (  0.5%)        0.000 (  0.0%)
***> Lists                            3.679 (  0.9%)        3.679 (  0.9%)        0.000 (  0.0%)
***> Thermostat                       3.987 (  1.0%)        3.987 (  1.0%)        0.000 (  0.0%)
***> Forces                         373.029 ( 89.8%)      373.029 ( 89.8%)        0.000 (  0.0%)
***> First Step                      27.857 (  6.7%)       27.857 (  6.7%)        0.000 (  0.0%)

INFO: END OF THE SIMULATION, everything went OK!
INFO: Lists updated 734580 times (every ~1.000000 steps)
INFO: Aggregated I/O statistics (set debug=1 for file-wise information)
	 15.358 MB written to files
	  0.000  B written to stdout/stderr
	For a total of    0.037 MB/s

