INFO: seeding the RNG with 33269
INFO: Initializing backend 
INFO: Backend precision: mixed
INFO: Simulation type: MD
INFO: The generator will try to take into account bonded interactions by choosing distances between bonded neighbours no larger than 2.000000
INFO: Running Debye-Huckel at salt concentration =  0.5
INFO: Using different widths for major and minor grooves
INFO: CUDA device not specified
INFO: CUDA sort_every not specified, using 0
INFO: The generator will try to take into account bonded interactions by choosing distances between bonded neighbours no larger than 2.000000
INFO: pid: 14442
INFO: Using a maximum backbone force of 5  (the corresponding mbf_xmax is 0.120156) and a far value of 0.04
DEBUG: Debye-Huckel parameters: Q=0.054300, lambda_0=0.361645, lambda=0.503714, r_high=1.511142, cutoff=3.229510
DEBUG: Debye-Huckel parameters: debye_huckel_RC=2.266712e+00, debye_huckel_B=3.133725e-03
INFO: The Debye length at this temperature and salt concentration is 0.503714
INFO: (Cells.cpp) N_cells_side: 10, 10, 10; rcut=3.22951, IS_MC: 0
INFO: N: 380
INFO: Using randomly distributed velocities
INFO: Initial kinetic energy: 109.894272
INFO: Choosing device automatically
INFO: Computer has 1 devices
INFO:  - Trying device 0
INFO:  -- device 0 has properties 6.1
INFO:  -- using device 0
INFO:  --- Running on device 0
INFO: Using a maximum backbone force of 5  (the corresponding mbf_xmax is 0.120156) and a far value of 0.04
INFO: threads_per_block was not specified or set to 0. The default value (64) will be used
INFO: Allocated CUDA memory: 0.07 MBs
INFO: SVN CODE VERSION: 6943M
INFO: COMPILED ON: 09/02/19
INFO: diffusion fixed.. -523.178 -523.178
INFO: Fix diffusion went too far... -537.918, -537.917, 0, (0.0012207>0.000537918)
INFO:  *** Fix diffusion hopeless... -537.918, -537.92, 0, (0.00268555>0.000537918)
INFO: diffusion fixed.. -526.368 -526.368
INFO: diffusion fixed.. -539.564 -539.563
INFO: diffusion fixed.. -535.094 -535.094
INFO: diffusion fixed.. -536.232 -536.231
INFO: diffusion fixed.. -539.046 -539.046
INFO: Fix diffusion went too far... -544.491, -544.49, 0, (0.000549316>0.000544491)
INFO: diffusion PARTIALLY fixed
INFO: diffusion fixed.. -541.456 -541.456
INFO: diffusion fixed.. -536.517 -536.517

INFO: Total Running Time: 1065.2 s, per step: 1.0652 ms
INFO: Timings, in seconds, by Timer (total, own, spent in children)
> SimBackend                       1065.196 (100.0%)        5.827 (  0.5%)     1059.368 ( 99.5%)
***> Hilbert sorting                  2.637 (  0.2%)        2.637 (  0.2%)        0.000 (  0.0%)
***> Lists                            4.601 (  0.4%)        4.601 (  0.4%)        0.000 (  0.0%)
***> Thermostat                       7.255 (  0.7%)        7.255 (  0.7%)        0.000 (  0.0%)
***> Forces                         771.829 ( 72.5%)      771.829 ( 72.5%)        0.000 (  0.0%)
***> First Step                     273.046 ( 25.6%)      273.046 ( 25.6%)        0.000 (  0.0%)

INFO: END OF THE SIMULATION, everything went OK!
INFO: Lists updated 1000000 times (every ~1.000000 steps)
INFO: Aggregated I/O statistics (set debug=1 for file-wise information)
	 19.968 MB written to files
	  0.000  B written to stdout/stderr
	For a total of   0.0187 MB/s

