INFO: seeding the RNG with 12931
INFO: Initializing backend 
INFO: Backend precision: mixed
INFO: Simulation type: MD
INFO: The generator will try to take into account bonded interactions by choosing distances between bonded neighbours no larger than 2.000000
INFO: Running Debye-Huckel at salt concentration =  0.5
INFO: Using different widths for major and minor grooves
INFO: CUDA device not specified
INFO: CUDA sort_every not specified, using 0
INFO: The generator will try to take into account bonded interactions by choosing distances between bonded neighbours no larger than 2.000000
INFO: pid: 30743
INFO: Using a maximum backbone force of 5  (the corresponding mbf_xmax is 0.120156) and a far value of 0.04
DEBUG: Debye-Huckel parameters: Q=0.054300, lambda_0=0.361645, lambda=0.503714, r_high=1.511142, cutoff=3.229510
DEBUG: Debye-Huckel parameters: debye_huckel_RC=2.266712e+00, debye_huckel_B=3.133725e-03
INFO: The Debye length at this temperature and salt concentration is 0.503714
INFO: (Cells.cpp) N_cells_side: 8, 8, 8; rcut=3.22951, IS_MC: 0
INFO: N: 252
INFO: Using randomly distributed velocities
INFO: Initial kinetic energy: 71.934326
INFO: Choosing device automatically
INFO: Computer has 1 devices
INFO:  - Trying device 0
INFO:  -- device 0 has properties 6.1
INFO:  -- using device 0
INFO:  --- Running on device 0
INFO: Using a maximum backbone force of 5  (the corresponding mbf_xmax is 0.120156) and a far value of 0.04
INFO: threads_per_block was not specified or set to 0. The default value (64) will be used
INFO: Allocated CUDA memory: 0.04 MBs
INFO: SVN CODE VERSION: 6943M
INFO: COMPILED ON: 09/02/19
INFO: diffusion fixed.. -373.929 -373.929
INFO: Fix diffusion went too far... -372.155, -372.155, 0, (0.000579834>0.000372155)
INFO:  *** Fix diffusion hopeless... -372.155, -372.151, 0, (0.00424194>0.000372155)
INFO: diffusion fixed.. -362.855 -362.855
INFO: Fix diffusion went too far... -372.259, -372.258, 0, (0.000793457>0.000372259)
INFO:  *** Fix diffusion hopeless... -372.259, -372.256, 0, (0.00320435>0.000372259)
INFO: diffusion fixed.. -374.987 -374.986
INFO: Fix diffusion went too far... -373.57, -373.571, 0, (0.000610352>0.00037357)
INFO:  *** Fix diffusion hopeless... -373.57, -373.571, 0, (0.000915527>0.00037357)
INFO: diffusion fixed.. -375.236 -375.236
INFO: diffusion fixed.. -375.15 -375.15
INFO: diffusion fixed.. -370.768 -370.768
INFO: diffusion fixed.. -372.872 -372.871

INFO: Total Running Time: 1690.37 s, per step: 1.69037 ms
INFO: Timings, in seconds, by Timer (total, own, spent in children)
> SimBackend                       1690.373 (100.0%)        6.144 (  0.4%)     1684.230 ( 99.6%)
***> Hilbert sorting                  2.752 (  0.2%)        2.752 (  0.2%)        0.000 (  0.0%)
***> Lists                            4.788 (  0.3%)        4.788 (  0.3%)        0.000 (  0.0%)
***> Thermostat                      11.321 (  0.7%)       11.321 (  0.7%)        0.000 (  0.0%)
***> Forces                         999.199 ( 59.1%)      999.199 ( 59.1%)        0.000 (  0.0%)
***> First Step                     666.170 ( 39.4%)      666.170 ( 39.4%)        0.000 (  0.0%)

INFO: END OF THE SIMULATION, everything went OK!
INFO: Lists updated 1000000 times (every ~1.000000 steps)
INFO: Aggregated I/O statistics (set debug=1 for file-wise information)
	 13.227 MB written to files
	  0.000  B written to stdout/stderr
	For a total of  0.00782 MB/s

